<?xml version="1.0" encoding="UTF-8"?>
<!-- Generated by org.testng.reporters.JUnitReportReporter -->
<testsuite hostname="DESKTOP-KH2DFP1" failures="0" tests="1" name="cucumberOptions.TestNGRunner" time="47.461" errors="0" timestamp="2022-04-28T19:26:59 IST" skipped="0">
  <testcase classname="cucumberOptions.TestNGRunner" name="runScenario" time="47.461"/>
  <system-out/>
</testsuite> <!-- cucumberOptions.TestNGRunner -->
